  Circle.cpp
C:\Users\user1\Desktop\לימודים שנה ב\C++\תרגילי ההגשות\פרק 4\c---chapter-4\שאלה 1\שאלה 1\Circle.cpp(10,23): warning C4244: 'return': conversion from 'double' to 'float', possible loss of data
  Point.cpp
  Rectangle.cpp
C:\Users\user1\Desktop\לימודים שנה ב\C++\תרגילי ההגשות\פרק 4\c---chapter-4\שאלה 1\שאלה 1\Rectangle.cpp(10,18): warning C4244: 'initializing': conversion from 'double' to 'float', possible loss of data
C:\Users\user1\Desktop\לימודים שנה ב\C++\תרגילי ההגשות\פרק 4\c---chapter-4\שאלה 1\שאלה 1\Rectangle.cpp(11,18): warning C4244: 'initializing': conversion from 'double' to 'float', possible loss of data
C:\Users\user1\Desktop\לימודים שנה ב\C++\תרגילי ההגשות\פרק 4\c---chapter-4\שאלה 1\שאלה 1\Rectangle.cpp(16,18): warning C4244: 'initializing': conversion from 'double' to 'float', possible loss of data
C:\Users\user1\Desktop\לימודים שנה ב\C++\תרגילי ההגשות\פרק 4\c---chapter-4\שאלה 1\שאלה 1\Rectangle.cpp(17,18): warning C4244: 'initializing': conversion from 'double' to 'float', possible loss of data
C:\Users\user1\Desktop\לימודים שנה ב\C++\תרגילי ההגשות\פרק 4\c---chapter-4\שאלה 1\שאלה 1\Rectangle.cpp(18,18): warning C4244: 'initializing': conversion from 'double' to 'float', possible loss of data
C:\Users\user1\Desktop\לימודים שנה ב\C++\תרגילי ההגשות\פרק 4\c---chapter-4\שאלה 1\שאלה 1\Rectangle.cpp(19,18): warning C4244: 'initializing': conversion from 'double' to 'float', possible loss of data
C:\Users\user1\Desktop\לימודים שנה ב\C++\תרגילי ההגשות\פרק 4\c---chapter-4\שאלה 1\שאלה 1\Rectangle.cpp(28,18): warning C4244: 'initializing': conversion from 'double' to 'float', possible loss of data
  Shape.cpp
  Triangle.cpp
C:\Users\user1\Desktop\לימודים שנה ב\C++\תרגילי ההגשות\פרק 4\c---chapter-4\שאלה 1\שאלה 1\Triangle.cpp(10,13): warning C4244: 'initializing': conversion from 'double' to 'float', possible loss of data
C:\Users\user1\Desktop\לימודים שנה ב\C++\תרגילי ההגשות\פרק 4\c---chapter-4\שאלה 1\שאלה 1\Triangle.cpp(18,18): warning C4244: 'initializing': conversion from 'double' to 'float', possible loss of data
C:\Users\user1\Desktop\לימודים שנה ב\C++\תרגילי ההגשות\פרק 4\c---chapter-4\שאלה 1\שאלה 1\Triangle.cpp(19,18): warning C4244: 'initializing': conversion from 'double' to 'float', possible loss of data
C:\Users\user1\Desktop\לימודים שנה ב\C++\תרגילי ההגשות\פרק 4\c---chapter-4\שאלה 1\שאלה 1\Triangle.cpp(20,18): warning C4244: 'initializing': conversion from 'double' to 'float', possible loss of data
C:\Users\user1\Desktop\לימודים שנה ב\C++\תרגילי ההגשות\פרק 4\c---chapter-4\שאלה 1\שאלה 1\Triangle.cpp(29,18): warning C4244: 'initializing': conversion from 'double' to 'float', possible loss of data
  שאלה 1.cpp
  Generating Code...
  שאלה 1.vcxproj -> C:\Users\user1\Desktop\לימודים שנה ב\C++\תרגילי ההגשות\פרק 4\c---chapter-4\שאלה 1\x64\Debug\שאלה 1.exe
